Problem:    gcp
Rows:       9
Columns:    20 (20 integer, 20 binary)
Non-zeros:  40
Status:     INTEGER OPTIMAL
Objective:  obj = 1 (MAXimum)

   No.   Row name        Activity     Lower bound   Upper bound
------ ------------    ------------- ------------- -------------
     1 obj                         1                             
     2 quality[1]                  2            -0               
     3 quality[2]                 17            -0               
     4 quality[3]                  0            -0               
     5 quality[4]                  0            -0               
     6 at_most_one[1]
                                   1                           1 
     7 at_most_one[2]
                                   1                           1 
     8 at_most_one[3]
                                   1                           1 
     9 at_most_one[4]
                                   1                           1 

   No. Column name       Activity     Lower bound   Upper bound
------ ------------    ------------- ------------- -------------
     1 x[1]         *              1             0             1 
     2 x[2]         *              0             0             1 
     3 x[3]         *              0             0             1 
     4 x[4]         *              0             0             1 
     5 y[1,1]       *              1             0             1 
     6 y[2,1]       *              1             0             1 
     7 y[3,1]       *              0             0             1 
     8 y[4,1]       *              1             0             1 
     9 y[1,2]       *              0             0             1 
    10 y[2,2]       *              0             0             1 
    11 y[3,2]       *              1             0             1 
    12 y[4,2]       *              0             0             1 
    13 y[1,3]       *              0             0             1 
    14 y[2,3]       *              0             0             1 
    15 y[3,3]       *              0             0             1 
    16 y[4,3]       *              0             0             1 
    17 y[1,4]       *              0             0             1 
    18 y[2,4]       *              0             0             1 
    19 y[3,4]       *              0             0             1 
    20 y[4,4]       *              0             0             1 

Integer feasibility conditions:

KKT.PE: max.abs.err = 0.00e+00 on row 0
        max.rel.err = 0.00e+00 on row 0
        High quality

KKT.PB: max.abs.err = 0.00e+00 on row 0
        max.rel.err = 0.00e+00 on row 0
        High quality

End of output
